{"code":"ECONNRESET","config":{"adapter":["xhr","http","fetch"],"data":"{\"id_number\":\"06AAICC4753B1ZY\"}","env":{},"headers":{"Accept":"application/json, text/plain, */*","Accept-Encoding":"gzip, compress, deflate, br","Content-Length":"31","Content-Type":"application/json","User-Agent":"axios/1.7.7"},"maxBodyLength":-1,"maxContentLength":-1,"method":"post","timeout":0,"transformRequest":[null],"transformResponse":[null],"transitional":{"clarifyTimeoutError":false,"forcedJSONParsing":true,"silentJSONParsing":true},"url":"https://kyc-api.surepass.io/api/v1/corporate-otp/gstin/init","xsrfCookieName":"XSRF-TOKEN","xsrfHeaderName":"X-XSRF-TOKEN"},"message":"read ECONNRESET","name":"Error","stack":"Error: read ECONNRESET\n    at AxiosError.from (/home/suman-singh/Npst/wrapper/node_modules/axios/dist/node/axios.cjs:876:14)\n    at RedirectableRequest.handleRequestError (/home/suman-singh/Npst/wrapper/node_modules/axios/dist/node/axios.cjs:3156:25)\n    at RedirectableRequest.emit (node:events:514:28)\n    at eventHandlers.<computed> (/home/suman-singh/Npst/wrapper/node_modules/follow-redirects/index.js:49:24)\n    at ClientRequest.emit (node:events:514:28)\n    at TLSSocket.socketErrorListener (node:_http_client:501:9)\n    at TLSSocket.emit (node:events:514:28)\n    at emitErrorNT (node:internal/streams/destroy:151:8)\n    at emitErrorCloseNT (node:internal/streams/destroy:116:3)\n    at process.processTicksAndRejections (node:internal/process/task_queues:82:21)\n    at Axios.request (/home/suman-singh/Npst/wrapper/node_modules/axios/dist/node/axios.cjs:4287:41)\n    at process.processTicksAndRejections (node:internal/process/task_queues:95:5)"}
{"level":"info","message":{"accept":"application/json, text/plain, */*","accept-encoding":"gzip, compress, deflate, br","connection":"close","content-length":"31","content-type":"application/json","host":"localhost:3002","req_authorization_token":"Bearer eyJ0eXAiOiJKV1QiLCJhbGciOiJIUzI1NiJ9.eyJmcmVzaCI6ZmFsc2UsImlhdCI6MTcyMzExMDgyOCwianRpIjoiNjhhZmUwZjAtYzQwOC00MGVlLWE1YTMtMmYyMzE2NTFhZWY1IiwidHlwZSI6ImFjY2VzcyIsImlkZW50aXR5IjoiZGV2Lm5wc3R4QHN1cmVwYXNzLmlvIiwibmJmIjoxNzIzMTEwODI4LCJleHAiOjIwMzg0NzA4MjgsImVtYWlsIjoibnBzdHhAc3VyZXBhc3MuaW8iLCJ0ZW5hbnRfaWQiOiJtYWluIiwidXNlcl9jbGFpbXMiOnsic2NvcGVzIjpbInVzZXIiXX19.WxlRslnSL0YPpX6TcS2th4TzTdNI_zZx0jvvcUaEOcI","req_content_type":"application/json","req_url":"https://kyc-api.surepass.io/api/v1/corporate-otp/gstin/init","type":"SUREPASS","user-agent":"axios/1.7.7"},"service":"user-service"}
{"code":"ECONNRESET","config":{"adapter":["xhr","http","fetch"],"data":"{\"id_number\":\"06AAICC4753B1ZY\"}","env":{},"headers":{"Accept":"application/json, text/plain, */*","Accept-Encoding":"gzip, compress, deflate, br","Content-Length":"31","Content-Type":"application/json","User-Agent":"axios/1.7.7"},"maxBodyLength":-1,"maxContentLength":-1,"method":"post","timeout":0,"transformRequest":[null],"transformResponse":[null],"transitional":{"clarifyTimeoutError":false,"forcedJSONParsing":true,"silentJSONParsing":true},"url":"https://kyc-api.surepass.io/api/v1/corporate-otp/gstin/init","xsrfCookieName":"XSRF-TOKEN","xsrfHeaderName":"X-XSRF-TOKEN"},"message":"read ECONNRESET","name":"Error","stack":"Error: read ECONNRESET\n    at AxiosError.from (/home/suman-singh/Npst/wrapper/node_modules/axios/dist/node/axios.cjs:876:14)\n    at RedirectableRequest.handleRequestError (/home/suman-singh/Npst/wrapper/node_modules/axios/dist/node/axios.cjs:3156:25)\n    at RedirectableRequest.emit (node:events:514:28)\n    at eventHandlers.<computed> (/home/suman-singh/Npst/wrapper/node_modules/follow-redirects/index.js:49:24)\n    at ClientRequest.emit (node:events:514:28)\n    at TLSSocket.socketErrorListener (node:_http_client:501:9)\n    at TLSSocket.emit (node:events:514:28)\n    at emitErrorNT (node:internal/streams/destroy:151:8)\n    at emitErrorCloseNT (node:internal/streams/destroy:116:3)\n    at process.processTicksAndRejections (node:internal/process/task_queues:82:21)\n    at Axios.request (/home/suman-singh/Npst/wrapper/node_modules/axios/dist/node/axios.cjs:4287:41)\n    at process.processTicksAndRejections (node:internal/process/task_queues:95:5)"}
{"level":"info","message":{"accept":"application/json, text/plain, */*","accept-encoding":"gzip, compress, deflate, br","connection":"close","content-length":"31","content-type":"application/json","host":"localhost:3002","req_authorization_token":"Bearer eyJ0eXAiOiJKV1QiLCJhbGciOiJIUzI1NiJ9.eyJmcmVzaCI6ZmFsc2UsImlhdCI6MTcyMzExMDgyOCwianRpIjoiNjhhZmUwZjAtYzQwOC00MGVlLWE1YTMtMmYyMzE2NTFhZWY1IiwidHlwZSI6ImFjY2VzcyIsImlkZW50aXR5IjoiZGV2Lm5wc3R4QHN1cmVwYXNzLmlvIiwibmJmIjoxNzIzMTEwODI4LCJleHAiOjIwMzg0NzA4MjgsImVtYWlsIjoibnBzdHhAc3VyZXBhc3MuaW8iLCJ0ZW5hbnRfaWQiOiJtYWluIiwidXNlcl9jbGFpbXMiOnsic2NvcGVzIjpbInVzZXIiXX19.WxlRslnSL0YPpX6TcS2th4TzTdNI_zZx0jvvcUaEOcI","req_content_type":"application/json","req_url":"https://kyc-api.surepass.io/api/v1/corporate-otp/gstin/init","type":"SUREPASS","user-agent":"axios/1.7.7"},"service":"user-service"}
{"code":"ECONNRESET","config":{"adapter":["xhr","http","fetch"],"data":"{\"id_number\":\"06AAICC4753B1ZY\"}","env":{},"headers":{"Accept":"application/json, text/plain, */*","Accept-Encoding":"gzip, compress, deflate, br","Content-Length":"31","Content-Type":"application/json","User-Agent":"axios/1.7.7"},"maxBodyLength":-1,"maxContentLength":-1,"method":"post","timeout":0,"transformRequest":[null],"transformResponse":[null],"transitional":{"clarifyTimeoutError":false,"forcedJSONParsing":true,"silentJSONParsing":true},"url":"https://kyc-api.surepass.io/api/v1/corporate-otp/gstin/init","xsrfCookieName":"XSRF-TOKEN","xsrfHeaderName":"X-XSRF-TOKEN"},"message":"read ECONNRESET","name":"Error","stack":"Error: read ECONNRESET\n    at AxiosError.from (/home/suman-singh/Npst/wrapper/node_modules/axios/dist/node/axios.cjs:876:14)\n    at RedirectableRequest.handleRequestError (/home/suman-singh/Npst/wrapper/node_modules/axios/dist/node/axios.cjs:3156:25)\n    at RedirectableRequest.emit (node:events:514:28)\n    at eventHandlers.<computed> (/home/suman-singh/Npst/wrapper/node_modules/follow-redirects/index.js:49:24)\n    at ClientRequest.emit (node:events:514:28)\n    at TLSSocket.socketErrorListener (node:_http_client:501:9)\n    at TLSSocket.emit (node:events:514:28)\n    at emitErrorNT (node:internal/streams/destroy:151:8)\n    at emitErrorCloseNT (node:internal/streams/destroy:116:3)\n    at process.processTicksAndRejections (node:internal/process/task_queues:82:21)\n    at Axios.request (/home/suman-singh/Npst/wrapper/node_modules/axios/dist/node/axios.cjs:4287:41)\n    at process.processTicksAndRejections (node:internal/process/task_queues:95:5)"}
{"level":"info","message":{"accept":"application/json, text/plain, */*","accept-encoding":"gzip, compress, deflate, br","connection":"close","content-length":"31","content-type":"application/json","host":"localhost:3002","req_authorization_token":"Bearer eyJ0eXAiOiJKV1QiLCJhbGciOiJIUzI1NiJ9.eyJmcmVzaCI6ZmFsc2UsImlhdCI6MTcyMzExMDgyOCwianRpIjoiNjhhZmUwZjAtYzQwOC00MGVlLWE1YTMtMmYyMzE2NTFhZWY1IiwidHlwZSI6ImFjY2VzcyIsImlkZW50aXR5IjoiZGV2Lm5wc3R4QHN1cmVwYXNzLmlvIiwibmJmIjoxNzIzMTEwODI4LCJleHAiOjIwMzg0NzA4MjgsImVtYWlsIjoibnBzdHhAc3VyZXBhc3MuaW8iLCJ0ZW5hbnRfaWQiOiJtYWluIiwidXNlcl9jbGFpbXMiOnsic2NvcGVzIjpbInVzZXIiXX19.WxlRslnSL0YPpX6TcS2th4TzTdNI_zZx0jvvcUaEOcI","req_content_type":"application/json","req_url":"https://kyc-api.surepass.io/api/v1/corporate-otp/gstin/init","type":"SUREPASS","user-agent":"axios/1.7.7"},"service":"user-service"}
{"code":"ECONNRESET","config":{"adapter":["xhr","http","fetch"],"data":"{\"id_number\":\"06AAICC4753B1ZY\"}","env":{},"headers":{"Accept":"application/json, text/plain, */*","Accept-Encoding":"gzip, compress, deflate, br","Content-Length":"31","Content-Type":"application/json","User-Agent":"axios/1.7.7"},"maxBodyLength":-1,"maxContentLength":-1,"method":"post","timeout":0,"transformRequest":[null],"transformResponse":[null],"transitional":{"clarifyTimeoutError":false,"forcedJSONParsing":true,"silentJSONParsing":true},"url":"https://kyc-api.surepass.io/api/v1/corporate-otp/gstin/init","xsrfCookieName":"XSRF-TOKEN","xsrfHeaderName":"X-XSRF-TOKEN"},"message":"read ECONNRESET","name":"Error","stack":"Error: read ECONNRESET\n    at AxiosError.from (/home/suman-singh/Npst/wrapper/node_modules/axios/dist/node/axios.cjs:876:14)\n    at RedirectableRequest.handleRequestError (/home/suman-singh/Npst/wrapper/node_modules/axios/dist/node/axios.cjs:3156:25)\n    at RedirectableRequest.emit (node:events:514:28)\n    at eventHandlers.<computed> (/home/suman-singh/Npst/wrapper/node_modules/follow-redirects/index.js:49:24)\n    at ClientRequest.emit (node:events:514:28)\n    at TLSSocket.socketErrorListener (node:_http_client:501:9)\n    at TLSSocket.emit (node:events:514:28)\n    at emitErrorNT (node:internal/streams/destroy:151:8)\n    at emitErrorCloseNT (node:internal/streams/destroy:116:3)\n    at process.processTicksAndRejections (node:internal/process/task_queues:82:21)\n    at Axios.request (/home/suman-singh/Npst/wrapper/node_modules/axios/dist/node/axios.cjs:4287:41)\n    at process.processTicksAndRejections (node:internal/process/task_queues:95:5)"}
{"level":"info","message":{"accept":"application/json, text/plain, */*","accept-encoding":"gzip, compress, deflate, br","connection":"close","content-length":"31","content-type":"application/json","host":"localhost:3002","req_authorization_token":"Bearer eyJ0eXAiOiJKV1QiLCJhbGciOiJIUzI1NiJ9.eyJmcmVzaCI6ZmFsc2UsImlhdCI6MTcyMzExMDgyOCwianRpIjoiNjhhZmUwZjAtYzQwOC00MGVlLWE1YTMtMmYyMzE2NTFhZWY1IiwidHlwZSI6ImFjY2VzcyIsImlkZW50aXR5IjoiZGV2Lm5wc3R4QHN1cmVwYXNzLmlvIiwibmJmIjoxNzIzMTEwODI4LCJleHAiOjIwMzg0NzA4MjgsImVtYWlsIjoibnBzdHhAc3VyZXBhc3MuaW8iLCJ0ZW5hbnRfaWQiOiJtYWluIiwidXNlcl9jbGFpbXMiOnsic2NvcGVzIjpbInVzZXIiXX19.WxlRslnSL0YPpX6TcS2th4TzTdNI_zZx0jvvcUaEOcI","req_content_type":"application/json","req_url":"https://kyc-api.surepass.io/api/v1/corporate-otp/gstin/init","type":"SUREPASS","user-agent":"axios/1.7.7"},"service":"user-service"}
{"code":"ECONNRESET","config":{"adapter":["xhr","http","fetch"],"data":"{\"id_number\":\"06AAICC4753B1ZY\"}","env":{},"headers":{"Accept":"application/json, text/plain, */*","Accept-Encoding":"gzip, compress, deflate, br","Content-Length":"31","Content-Type":"application/json","User-Agent":"axios/1.7.7"},"maxBodyLength":-1,"maxContentLength":-1,"method":"post","timeout":0,"transformRequest":[null],"transformResponse":[null],"transitional":{"clarifyTimeoutError":false,"forcedJSONParsing":true,"silentJSONParsing":true},"url":"https://kyc-api.surepass.io/api/v1/corporate-otp/gstin/init","xsrfCookieName":"XSRF-TOKEN","xsrfHeaderName":"X-XSRF-TOKEN"},"message":"read ECONNRESET","name":"Error","stack":"Error: read ECONNRESET\n    at AxiosError.from (/home/suman-singh/Npst/wrapper/node_modules/axios/dist/node/axios.cjs:876:14)\n    at RedirectableRequest.handleRequestError (/home/suman-singh/Npst/wrapper/node_modules/axios/dist/node/axios.cjs:3156:25)\n    at RedirectableRequest.emit (node:events:514:28)\n    at eventHandlers.<computed> (/home/suman-singh/Npst/wrapper/node_modules/follow-redirects/index.js:49:24)\n    at ClientRequest.emit (node:events:514:28)\n    at TLSSocket.socketErrorListener (node:_http_client:501:9)\n    at TLSSocket.emit (node:events:514:28)\n    at emitErrorNT (node:internal/streams/destroy:151:8)\n    at emitErrorCloseNT (node:internal/streams/destroy:116:3)\n    at process.processTicksAndRejections (node:internal/process/task_queues:82:21)\n    at Axios.request (/home/suman-singh/Npst/wrapper/node_modules/axios/dist/node/axios.cjs:4287:41)\n    at process.processTicksAndRejections (node:internal/process/task_queues:95:5)"}
{"level":"info","message":"Server running at http://localhost:3002","service":"api-wrapper","timestamp":"2024-09-20T08:41:42.957Z"}
{"level":"info","message":"Server running at http://localhost:3002","service":"api-wrapper","timestamp":"2024-09-20T08:42:07.909Z"}
{"level":"info","message":"Server running at http://localhost:3002","service":"api-wrapper","timestamp":"2024-09-20T08:42:08.609Z"}
{"level":"info","message":"Server running at http://localhost:3002","service":"api-wrapper","timestamp":"2024-09-20T08:42:45.348Z"}
{"level":"info","message":"Server running at http://localhost:3002","service":"api-wrapper","timestamp":"2024-09-20T08:43:13.148Z"}
{"level":"info","message":"Server running at http://localhost:3002","service":"api-wrapper","timestamp":"2024-09-20T08:43:35.148Z"}
{"level":"info","message":"Incoming request: POST /wrapper","service":"api-wrapper","timestamp":"2024-09-20T08:45:21.164Z"}
{"level":"warn","message":"Unauthorized access attempt","service":"api-wrapper","timestamp":"2024-09-20T08:45:21.164Z"}
{"level":"info","message":"Incoming request: POST /wrapper","service":"api-wrapper","timestamp":"2024-09-20T08:46:13.919Z"}
{"level":"warn","message":"Unauthorized access attempt","service":"api-wrapper","timestamp":"2024-09-20T08:46:13.919Z"}
{"level":"info","message":"Server running at http://localhost:3002","service":"api-wrapper","timestamp":"2024-09-20T08:46:41.921Z"}
{"level":"info","message":"Server running at http://localhost:3002","service":"api-wrapper","timestamp":"2024-09-20T08:46:42.784Z"}
{"level":"info","message":"Incoming request: POST /wrapper","service":"api-wrapper","timestamp":"2024-09-20T08:46:50.220Z"}
{"level":"warn","message":"Unauthorized access attempt","service":"api-wrapper","timestamp":"2024-09-20T08:46:50.220Z"}
{"level":"info","message":"Incoming request: POST /wrapper","service":"api-wrapper","timestamp":"2024-09-20T08:46:53.289Z"}
{"level":"warn","message":"Unauthorized access attempt","service":"api-wrapper","timestamp":"2024-09-20T08:46:53.289Z"}
{"level":"info","message":"Server running at http://localhost:3002","service":"api-wrapper","timestamp":"2024-09-20T08:47:08.327Z"}
{"level":"info","message":"Server running at http://localhost:3002","service":"api-wrapper","timestamp":"2024-09-20T08:47:08.642Z"}
{"level":"info","message":"Server running at http://localhost:3002","service":"api-wrapper","timestamp":"2024-09-20T08:47:08.847Z"}
{"level":"info","message":"Server running at http://localhost:3002","service":"api-wrapper","timestamp":"2024-09-20T08:47:09.042Z"}
{"level":"info","message":"Server running at http://localhost:3002","service":"api-wrapper","timestamp":"2024-09-20T08:47:09.291Z"}
{"level":"info","message":"Server running at http://localhost:3002","service":"api-wrapper","timestamp":"2024-09-20T08:47:09.488Z"}
{"level":"info","message":"Server running at http://localhost:3002","service":"api-wrapper","timestamp":"2024-09-20T08:47:09.705Z"}
{"level":"info","message":"Server running at http://localhost:3002","service":"api-wrapper","timestamp":"2024-09-20T08:47:09.989Z"}
{"level":"info","message":"Incoming request: POST /wrapper","service":"api-wrapper","timestamp":"2024-09-20T08:47:14.025Z"}
{"level":"warn","message":"Unauthorized access attempt","service":"api-wrapper","timestamp":"2024-09-20T08:47:14.026Z"}
{"level":"info","message":"Server running at http://localhost:3002","service":"api-wrapper","timestamp":"2024-09-20T08:47:28.287Z"}
{"level":"info","message":"Server running at http://localhost:3002","service":"api-wrapper","timestamp":"2024-09-20T08:47:28.695Z"}
{"level":"info","message":"Server running at http://localhost:3002","service":"api-wrapper","timestamp":"2024-09-20T08:48:30.713Z"}
{"level":"info","message":"Incoming request: POST /wrapper","service":"api-wrapper","timestamp":"2024-09-20T08:48:47.223Z"}
{"level":"warn","message":"Unauthorized access attempt","service":"api-wrapper","timestamp":"2024-09-20T08:48:47.225Z"}
{"level":"info","message":"Server running at http://localhost:3002","service":"api-wrapper","timestamp":"2024-09-20T08:49:36.503Z"}
{"level":"info","message":"Server running at http://localhost:3002","service":"api-wrapper","timestamp":"2024-09-20T08:49:36.762Z"}
{"level":"info","message":"Server running at http://localhost:3002","service":"api-wrapper","timestamp":"2024-09-20T08:49:36.953Z"}
{"level":"info","message":"Server running at http://localhost:3002","service":"api-wrapper","timestamp":"2024-09-20T08:49:37.132Z"}
{"level":"info","message":"Server running at http://localhost:3002","service":"api-wrapper","timestamp":"2024-09-20T08:49:47.432Z"}
{"level":"info","message":"Server running at http://localhost:3002","service":"api-wrapper","timestamp":"2024-09-20T08:49:47.707Z"}
{"level":"info","message":"Server running at http://localhost:3002","service":"api-wrapper","timestamp":"2024-09-20T08:49:47.901Z"}
{"level":"info","message":"Server running at http://localhost:3002","service":"api-wrapper","timestamp":"2024-09-20T08:49:48.084Z"}
{"level":"info","message":"Server running at http://localhost:3002","service":"api-wrapper","timestamp":"2024-09-20T08:49:48.455Z"}
{"level":"info","message":"Incoming request: POST /wrapper","service":"api-wrapper","timestamp":"2024-09-20T08:49:53.255Z"}
{"level":"warn","message":"Unauthorized access attempt","service":"api-wrapper","timestamp":"2024-09-20T08:49:53.257Z"}
{"level":"info","message":"Incoming request: POST /wrapper","service":"api-wrapper","timestamp":"2024-09-20T08:50:27.596Z"}
{"level":"warn","message":"Unauthorized access attempt","service":"api-wrapper","timestamp":"2024-09-20T08:50:27.596Z"}
{"level":"info","message":"Server running at http://localhost:3002","service":"api-wrapper","timestamp":"2024-09-20T08:51:08.176Z"}
{"level":"info","message":"Server running at http://localhost:3002","service":"api-wrapper","timestamp":"2024-09-20T08:51:08.431Z"}
{"level":"info","message":"Server running at http://localhost:3002","service":"api-wrapper","timestamp":"2024-09-20T08:51:08.619Z"}
{"level":"info","message":"Incoming request: POST /wrapper","service":"api-wrapper","timestamp":"2024-09-20T08:51:13.380Z"}
{"level":"info","message":"Client type: SUREPASS","service":"api-wrapper","timestamp":"2024-09-20T08:51:13.383Z"}
{"level":"error","message":"Surepass Error:","service":"api-wrapper","timestamp":"2024-09-20T08:51:13.524Z"}
{"level":"info","message":"Server running at http://localhost:3002","service":"api-wrapper","timestamp":"2024-09-20T08:51:43.615Z"}
{"level":"info","message":"Server running at http://localhost:3002","service":"api-wrapper","timestamp":"2024-09-20T08:51:43.846Z"}
{"level":"info","message":"Server running at http://localhost:3002","service":"api-wrapper","timestamp":"2024-09-20T08:51:44.052Z"}
{"level":"info","message":"Server running at http://localhost:3002","service":"api-wrapper","timestamp":"2024-09-20T08:51:44.303Z"}
